[2023-04-12 20:15:36] START
[2023-04-12 20:38:15] EDIT farm/models/db.py: 10
[2023-04-12 20:39:04] EDIT farm/models/db.py: 0
[2023-04-12 20:44:02] EDIT farm/models/db.py: 6
[2023-04-12 20:44:50] EDIT farm/models/db.py: 8
[2023-04-12 20:47:39] EDIT farm/models/db.py: -1
[2023-04-12 20:48:22] EDIT farm/models/db.py: 0
[2023-04-12 20:49:52] CREATE products.py: 0
[2023-04-12 20:50:02] CREATE profile.py: 0
[2023-04-12 20:51:13] EDIT farm/controllers/products.py: 51
[2023-04-12 20:51:49] EDIT farm/controllers/profile.py: 10
[2023-04-12 21:24:26] CREATE products/myposts.html: 0
[2023-04-12 21:24:36] CREATE products/post.html: 0
[2023-04-12 21:43:15] EDIT farm/views/products/myposts.html: 26
[2023-04-12 21:46:00] EDIT farm/views/products/post.html: 2
[2023-04-12 21:46:33] CREATE products/proc.html: 0
[2023-04-12 21:46:54] EDIT farm/views/products/proc.html: 15
[2023-04-12 21:47:24] CREATE products/update.html: 0
[2023-04-12 21:47:55] EDIT farm/views/products/update.html: 10
[2023-04-12 21:48:18] CREATE products/view.html: 0
[2023-04-12 21:48:44] EDIT farm/views/products/view.html: 32
[2023-04-12 21:49:34] CREATE profile/save.html: 0
[2023-04-12 22:03:18] EDIT farm/views/profile/save.html: 5
[2023-04-12 22:31:21] EDIT farm/views/products/view.html: 2
[2023-04-12 22:35:10] EDIT farm/models/menu.py: 0
[2023-04-12 22:35:31] EDIT farm/models/menu.py: -88
